c:\users\stephen th sher\documents\github\usc_cecs\cs580\hw2\release\vc140.pdb
c:\users\stephen th sher\documents\github\usc_cecs\cs580\hw2\release\mainfrm.obj
c:\users\stephen th sher\documents\github\usc_cecs\cs580\hw2\release\cs580hwdoc.obj
c:\users\stephen th sher\documents\github\usc_cecs\cs580\hw2\release\disp.obj
c:\users\stephen th sher\documents\github\usc_cecs\cs580\hw2\release\rend.obj
c:\users\stephen th sher\documents\github\usc_cecs\cs580\hw2\release\cs580hwview.obj
c:\users\stephen th sher\documents\github\usc_cecs\cs580\hw2\release\cs580hw.obj
c:\users\stephen th sher\documents\github\usc_cecs\cs580\hw2\release\application2.obj
c:\users\stephen th sher\documents\github\usc_cecs\cs580\hw2\release\application.obj
c:\users\stephen th sher\documents\github\usc_cecs\cs580\hw2\release\cs580hw2.pch
c:\users\stephen th sher\documents\github\usc_cecs\cs580\hw2\release\stdafx.obj
c:\users\stephen th sher\documents\github\usc_cecs\cs580\hw2\release\cs580hw2.exe
c:\users\stephen th sher\documents\github\usc_cecs\cs580\hw2\release\cs580hw2.pdb
c:\users\stephen th sher\documents\github\usc_cecs\cs580\hw2\release\cs580hw.res
c:\users\stephen th sher\documents\github\usc_cecs\cs580\hw2\.\release\cs580hw2.exe
c:\users\stephen th sher\documents\github\usc_cecs\cs580\hw2\release\cs580hw2.tlog\cl.command.1.tlog
c:\users\stephen th sher\documents\github\usc_cecs\cs580\hw2\release\cs580hw2.tlog\cl.read.1.tlog
c:\users\stephen th sher\documents\github\usc_cecs\cs580\hw2\release\cs580hw2.tlog\cl.write.1.tlog
c:\users\stephen th sher\documents\github\usc_cecs\cs580\hw2\release\cs580hw2.tlog\link.command.1.tlog
c:\users\stephen th sher\documents\github\usc_cecs\cs580\hw2\release\cs580hw2.tlog\link.read.1.tlog
c:\users\stephen th sher\documents\github\usc_cecs\cs580\hw2\release\cs580hw2.tlog\link.write.1.tlog
c:\users\stephen th sher\documents\github\usc_cecs\cs580\hw2\release\cs580hw2.tlog\rc.command.1.tlog
c:\users\stephen th sher\documents\github\usc_cecs\cs580\hw2\release\cs580hw2.tlog\rc.read.1.tlog
c:\users\stephen th sher\documents\github\usc_cecs\cs580\hw2\release\cs580hw2.tlog\rc.write.1.tlog
