c:\users\stephen th sher\documents\github\usc_cecs\cs580\hw5\release\cs580hw5.pch
c:\users\stephen th sher\documents\github\usc_cecs\cs580\hw5\release\vc140.pdb
c:\users\stephen th sher\documents\github\usc_cecs\cs580\hw5\release\stdafx.obj
c:\users\stephen th sher\documents\github\usc_cecs\cs580\hw5\release\translatedlg.obj
c:\users\stephen th sher\documents\github\usc_cecs\cs580\hw5\release\scaledlg.obj
c:\users\stephen th sher\documents\github\usc_cecs\cs580\hw5\release\rotatedlg.obj
c:\users\stephen th sher\documents\github\usc_cecs\cs580\hw5\release\rend.obj
c:\users\stephen th sher\documents\github\usc_cecs\cs580\hw5\release\mainfrm.obj
c:\users\stephen th sher\documents\github\usc_cecs\cs580\hw5\release\disp.obj
c:\users\stephen th sher\documents\github\usc_cecs\cs580\hw5\release\cs580hwview.obj
c:\users\stephen th sher\documents\github\usc_cecs\cs580\hw5\release\cs580hwdoc.obj
c:\users\stephen th sher\documents\github\usc_cecs\cs580\hw5\release\cs580hw.obj
c:\users\stephen th sher\documents\github\usc_cecs\cs580\hw5\release\application5.obj
c:\users\stephen th sher\documents\github\usc_cecs\cs580\hw5\release\application.obj
c:\users\stephen th sher\documents\github\usc_cecs\cs580\hw5\release\tex_fun.obj
c:\users\stephen th sher\documents\github\usc_cecs\cs580\hw5\release\cs580hw5.exe
c:\users\stephen th sher\documents\github\usc_cecs\cs580\hw5\release\cs580hw5.pdb
c:\users\stephen th sher\documents\github\usc_cecs\cs580\hw5\release\cs580hw.res
c:\users\stephen th sher\documents\github\usc_cecs\cs580\hw5\.\release\cs580hw5.exe
c:\users\stephen th sher\documents\github\usc_cecs\cs580\hw5\release\cs580hw5.tlog\cl.command.1.tlog
c:\users\stephen th sher\documents\github\usc_cecs\cs580\hw5\release\cs580hw5.tlog\cl.read.1.tlog
c:\users\stephen th sher\documents\github\usc_cecs\cs580\hw5\release\cs580hw5.tlog\cl.write.1.tlog
c:\users\stephen th sher\documents\github\usc_cecs\cs580\hw5\release\cs580hw5.tlog\link.command.1.tlog
c:\users\stephen th sher\documents\github\usc_cecs\cs580\hw5\release\cs580hw5.tlog\link.read.1.tlog
c:\users\stephen th sher\documents\github\usc_cecs\cs580\hw5\release\cs580hw5.tlog\link.write.1.tlog
c:\users\stephen th sher\documents\github\usc_cecs\cs580\hw5\release\cs580hw5.tlog\rc.command.1.tlog
c:\users\stephen th sher\documents\github\usc_cecs\cs580\hw5\release\cs580hw5.tlog\rc.read.1.tlog
c:\users\stephen th sher\documents\github\usc_cecs\cs580\hw5\release\cs580hw5.tlog\rc.write.1.tlog
