c:\users\stephen th sher\documents\github\usc_cecs\cs580\hw3\release\vc140.pdb
c:\users\stephen th sher\documents\github\usc_cecs\cs580\hw3\release\translatedlg.obj
c:\users\stephen th sher\documents\github\usc_cecs\cs580\hw3\release\scaledlg.obj
c:\users\stephen th sher\documents\github\usc_cecs\cs580\hw3\release\rotatedlg.obj
c:\users\stephen th sher\documents\github\usc_cecs\cs580\hw3\release\rend.obj
c:\users\stephen th sher\documents\github\usc_cecs\cs580\hw3\release\mainfrm.obj
c:\users\stephen th sher\documents\github\usc_cecs\cs580\hw3\release\disp.obj
c:\users\stephen th sher\documents\github\usc_cecs\cs580\hw3\release\cs580hwview.obj
c:\users\stephen th sher\documents\github\usc_cecs\cs580\hw3\release\cs580hwdoc.obj
c:\users\stephen th sher\documents\github\usc_cecs\cs580\hw3\release\cs580hw.obj
c:\users\stephen th sher\documents\github\usc_cecs\cs580\hw3\release\application3.obj
c:\users\stephen th sher\documents\github\usc_cecs\cs580\hw3\release\application.obj
c:\users\stephen th sher\documents\github\usc_cecs\cs580\hw3\release\cs580hw3.pch
c:\users\stephen th sher\documents\github\usc_cecs\cs580\hw3\release\stdafx.obj
c:\users\stephen th sher\documents\github\usc_cecs\cs580\hw3\release\cs580hw3.exe
c:\users\stephen th sher\documents\github\usc_cecs\cs580\hw3\release\cs580hw3.pdb
c:\users\stephen th sher\documents\github\usc_cecs\cs580\hw3\release\cs580hw.res
c:\users\stephen th sher\documents\github\usc_cecs\cs580\hw3\release\cs580hw3.tlog\cl.command.1.tlog
c:\users\stephen th sher\documents\github\usc_cecs\cs580\hw3\release\cs580hw3.tlog\cl.read.1.tlog
c:\users\stephen th sher\documents\github\usc_cecs\cs580\hw3\release\cs580hw3.tlog\cl.write.1.tlog
c:\users\stephen th sher\documents\github\usc_cecs\cs580\hw3\release\cs580hw3.tlog\link-cvtres.read.1.tlog
c:\users\stephen th sher\documents\github\usc_cecs\cs580\hw3\release\cs580hw3.tlog\link-cvtres.write.1.tlog
c:\users\stephen th sher\documents\github\usc_cecs\cs580\hw3\release\cs580hw3.tlog\link-mt.read.1.tlog
c:\users\stephen th sher\documents\github\usc_cecs\cs580\hw3\release\cs580hw3.tlog\link-mt.write.1.tlog
c:\users\stephen th sher\documents\github\usc_cecs\cs580\hw3\release\cs580hw3.tlog\link-rc.read.1.tlog
c:\users\stephen th sher\documents\github\usc_cecs\cs580\hw3\release\cs580hw3.tlog\link-rc.write.1.tlog
c:\users\stephen th sher\documents\github\usc_cecs\cs580\hw3\release\cs580hw3.tlog\link.command.1.tlog
c:\users\stephen th sher\documents\github\usc_cecs\cs580\hw3\release\cs580hw3.tlog\link.read.1.tlog
c:\users\stephen th sher\documents\github\usc_cecs\cs580\hw3\release\cs580hw3.tlog\link.write.1.tlog
c:\users\stephen th sher\documents\github\usc_cecs\cs580\hw3\release\cs580hw3.tlog\rc.command.1.tlog
c:\users\stephen th sher\documents\github\usc_cecs\cs580\hw3\release\cs580hw3.tlog\rc.read.1.tlog
c:\users\stephen th sher\documents\github\usc_cecs\cs580\hw3\release\cs580hw3.tlog\rc.write.1.tlog
